This is pdfTeX, Version 3.14159265-2.6-1.40.21 (MiKTeX 20.6.29) (preloaded format=pdflatex 2020.7.21)  18 NOV 2020 14:48
entering extended mode
**c:/Users/Andrea/Desktop/DataIntelligenceApplications/report/report.tex
(c:/Users/Andrea/Desktop/DataIntelligenceApplications/report/report.tex
LaTeX2e <2020-02-02> patch level 5
L3 programming layer <2020-07-17> (C:\Users\Andrea\AppData\Local\Programs\MiKTeX\tex/latex/base\report.cls
Document Class: report 2019/12/20 v1.4l Standard LaTeX document class
(C:\Users\Andrea\AppData\Local\Programs\MiKTeX\tex/latex/base\size10.clo
File: size10.clo 2019/12/20 v1.4l Standard LaTeX file (size option)
)
\c@part=\count168
\c@chapter=\count169
\c@section=\count170
\c@subsection=\count171
\c@subsubsection=\count172
\c@paragraph=\count173
\c@subparagraph=\count174
\c@figure=\count175
\c@table=\count176
\abovecaptionskip=\skip47
\belowcaptionskip=\skip48
\bibindent=\dimen134
) (style/arxiv.sty (C:\Users\Andrea\AppData\Local\Programs\MiKTeX\tex/latex/geometry\geometry.sty
Package: geometry 2020/01/02 v5.9 Page Geometry
 (C:\Users\Andrea\AppData\Local\Programs\MiKTeX\tex/latex/graphics\keyval.sty
Package: keyval 2014/10/28 v1.15 key=value parser (DPC)
\KV@toks@=\toks15
) (C:\Users\Andrea\AppData\Local\Programs\MiKTeX\tex/generic/iftex\ifvtex.sty
Package: ifvtex 2019/10/25 v1.7 ifvtex legacy package. Use iftex instead.
 (C:\Users\Andrea\AppData\Local\Programs\MiKTeX\tex/generic/iftex\iftex.sty
Package: iftex 2020/03/06 v1.0d TeX engine tests
))
\Gm@cnth=\count177
\Gm@cntv=\count178
\c@Gm@tempcnt=\count179
\Gm@bindingoffset=\dimen135
\Gm@wd@mp=\dimen136
\Gm@odd@mp=\dimen137
\Gm@even@mp=\dimen138
\Gm@layoutwidth=\dimen139
\Gm@layoutheight=\dimen140
\Gm@layouthoffset=\dimen141
\Gm@layoutvoffset=\dimen142
\Gm@dimlist=\toks16
 (C:\Users\Andrea\AppData\Local\Programs\MiKTeX\tex/latex/geometry\geometry.cfg)) (C:\Users\Andrea\AppData\Local\Programs\MiKTeX\tex/latex/fancyhdr\fancyhdr.sty
Package: fancyhdr 2019/01/31 v3.10 Extensive control of page headers and footers
\f@nch@headwidth=\skip49
\f@nch@O@elh=\skip50
\f@nch@O@erh=\skip51
\f@nch@O@olh=\skip52
\f@nch@O@orh=\skip53
\f@nch@O@elf=\skip54
\f@nch@O@erf=\skip55
\f@nch@O@olf=\skip56
\f@nch@O@orf=\skip57
)
\@abovecaptionskip=\skip58
\@belowcaptionskip=\skip59
) (C:\Users\Andrea\AppData\Local\Programs\MiKTeX\tex/latex/base\inputenc.sty
Package: inputenc 2018/08/11 v1.3c Input encoding file
\inpenc@prehook=\toks17
\inpenc@posthook=\toks18
) (C:\Users\Andrea\AppData\Local\Programs\MiKTeX\tex/latex/base\fontenc.sty
Package: fontenc 2020/02/11 v2.0o Standard LaTeX package
LaTeX Font Info:    Trying to load font information for T1+ptm on input line 112.
 (C:\Users\Andrea\AppData\Local\Programs\MiKTeX\tex/latex/psnfss\t1ptm.fd
File: t1ptm.fd 2001/06/04 font definitions for T1/ptm.
)) (C:\Users\Andrea\AppData\Local\Programs\MiKTeX\tex/latex/hyperref\hyperref.sty
Package: hyperref 2020-05-15 v7.00e Hypertext links for LaTeX
 (C:\Users\Andrea\AppData\Local\Programs\MiKTeX\tex/generic/ltxcmds\ltxcmds.sty
Package: ltxcmds 2019/12/15 v1.24 LaTeX kernel commands for general use (HO)
) (C:\Users\Andrea\AppData\Local\Programs\MiKTeX\tex/generic/pdftexcmds\pdftexcmds.sty
Package: pdftexcmds 2020-06-27 v0.33 Utility functions of pdfTeX for LuaTeX (HO)
 (C:\Users\Andrea\AppData\Local\Programs\MiKTeX\tex/generic/infwarerr\infwarerr.sty
Package: infwarerr 2019/12/03 v1.5 Providing info/warning/error messages (HO)
)
Package pdftexcmds Info: \pdf@primitive is available.
Package pdftexcmds Info: \pdf@ifprimitive is available.
Package pdftexcmds Info: \pdfdraftmode found.
) (C:\Users\Andrea\AppData\Local\Programs\MiKTeX\tex/generic/kvsetkeys\kvsetkeys.sty
Package: kvsetkeys 2019/12/15 v1.18 Key value parser (HO)
) (C:\Users\Andrea\AppData\Local\Programs\MiKTeX\tex/generic/kvdefinekeys\kvdefinekeys.sty
Package: kvdefinekeys 2019-12-19 v1.6 Define keys (HO)
) (C:\Users\Andrea\AppData\Local\Programs\MiKTeX\tex/generic/pdfescape\pdfescape.sty
Package: pdfescape 2019/12/09 v1.15 Implements pdfTeX's escape features (HO)
) (C:\Users\Andrea\AppData\Local\Programs\MiKTeX\tex/latex/hycolor\hycolor.sty
Package: hycolor 2020-01-27 v1.10 Color options for hyperref/bookmark (HO)
) (C:\Users\Andrea\AppData\Local\Programs\MiKTeX\tex/latex/letltxmacro\letltxmacro.sty
Package: letltxmacro 2019/12/03 v1.6 Let assignment for LaTeX macros (HO)
) (C:\Users\Andrea\AppData\Local\Programs\MiKTeX\tex/latex/auxhook\auxhook.sty
Package: auxhook 2019-12-17 v1.6 Hooks for auxiliary files (HO)
) (C:\Users\Andrea\AppData\Local\Programs\MiKTeX\tex/latex/kvoptions\kvoptions.sty
Package: kvoptions 2019/11/29 v3.13 Key value format for package options (HO)
)
\@linkdim=\dimen143
\Hy@linkcounter=\count180
\Hy@pagecounter=\count181
 (C:\Users\Andrea\AppData\Local\Programs\MiKTeX\tex/latex/hyperref\pd1enc.def
File: pd1enc.def 2020-05-15 v7.00e Hyperref: PDFDocEncoding definition (HO)
Now handling font encoding PD1 ...
... no UTF-8 mapping file for font encoding PD1
) (C:\Users\Andrea\AppData\Local\Programs\MiKTeX\tex/generic/intcalc\intcalc.sty
Package: intcalc 2019/12/15 v1.3 Expandable calculations with integers (HO)
) (C:\Users\Andrea\AppData\Local\Programs\MiKTeX\tex/generic/etexcmds\etexcmds.sty
Package: etexcmds 2019/12/15 v1.7 Avoid name clashes with e-TeX commands (HO)
)
\Hy@SavedSpaceFactor=\count182
Package hyperref Info: Hyper figures OFF on input line 4464.
Package hyperref Info: Link nesting OFF on input line 4469.
Package hyperref Info: Hyper index ON on input line 4472.
Package hyperref Info: Plain pages OFF on input line 4479.
Package hyperref Info: Backreferencing OFF on input line 4484.
Package hyperref Info: Implicit mode ON; LaTeX internals redefined.
Package hyperref Info: Bookmarks ON on input line 4717.
\c@Hy@tempcnt=\count183
 (C:\Users\Andrea\AppData\Local\Programs\MiKTeX\tex/latex/url\url.sty
\Urlmuskip=\muskip16
Package: url 2013/09/16  ver 3.4  Verb mode for urls, etc.
)
LaTeX Info: Redefining \url on input line 5076.
\XeTeXLinkMargin=\dimen144
 (C:\Users\Andrea\AppData\Local\Programs\MiKTeX\tex/generic/bitset\bitset.sty
Package: bitset 2019/12/09 v1.3 Handle bit-vector datatype (HO)
 (C:\Users\Andrea\AppData\Local\Programs\MiKTeX\tex/generic/bigintcalc\bigintcalc.sty
Package: bigintcalc 2019/12/15 v1.5 Expandable calculations on big integers (HO)
))
\Fld@menulength=\count184
\Field@Width=\dimen145
\Fld@charsize=\dimen146
Package hyperref Info: Hyper figures OFF on input line 6347.
Package hyperref Info: Link nesting OFF on input line 6352.
Package hyperref Info: Hyper index ON on input line 6355.
Package hyperref Info: backreferencing OFF on input line 6362.
Package hyperref Info: Link coloring OFF on input line 6367.
Package hyperref Info: Link coloring with OCG OFF on input line 6372.
Package hyperref Info: PDF/A mode OFF on input line 6377.
LaTeX Info: Redefining \ref on input line 6417.
LaTeX Info: Redefining \pageref on input line 6421.
 (C:\Users\Andrea\AppData\Local\Programs\MiKTeX\tex/generic/atbegshi\atbegshi.sty
Package: atbegshi 2019/12/05 v1.19 At begin shipout hook (HO)
)
\Hy@abspage=\count185
\c@Item=\count186
\c@Hfootnote=\count187
)
Package hyperref Info: Driver (autodetected): hpdftex.
 (C:\Users\Andrea\AppData\Local\Programs\MiKTeX\tex/latex/hyperref\hpdftex.def
File: hpdftex.def 2020-05-15 v7.00e Hyperref driver for pdfTeX
 (C:\Users\Andrea\AppData\Local\Programs\MiKTeX\tex/latex/atveryend\atveryend.sty
Package: atveryend 2019-12-11 v1.11 Hooks at the very end of document (HO)
Package atveryend Info: \enddocument detected (standard20110627).
)
\Fld@listcount=\count188
\c@bookmark@seq@number=\count189
 (C:\Users\Andrea\AppData\Local\Programs\MiKTeX\tex/latex/rerunfilecheck\rerunfilecheck.sty
Package: rerunfilecheck 2019/12/05 v1.9 Rerun checks for auxiliary files (HO)
 (C:\Users\Andrea\AppData\Local\Programs\MiKTeX\tex/generic/uniquecounter\uniquecounter.sty
Package: uniquecounter 2019/12/15 v1.4 Provide unlimited unique counter (HO)
)
Package uniquecounter Info: New unique counter `rerunfilecheck' on input line 286.
)
\Hy@SectionHShift=\skip60
) (C:\Users\Andrea\AppData\Local\Programs\MiKTeX\tex/latex/booktabs\booktabs.sty
Package: booktabs 2020/01/12 v1.61803398 Publication quality tables
\heavyrulewidth=\dimen147
\lightrulewidth=\dimen148
\cmidrulewidth=\dimen149
\belowrulesep=\dimen150
\belowbottomsep=\dimen151
\aboverulesep=\dimen152
\abovetopsep=\dimen153
\cmidrulesep=\dimen154
\cmidrulekern=\dimen155
\defaultaddspace=\dimen156
\@cmidla=\count190
\@cmidlb=\count191
\@aboverulesep=\dimen157
\@belowrulesep=\dimen158
\@thisruleclass=\count192
\@lastruleclass=\count193
\@thisrulewidth=\dimen159
) (C:\Users\Andrea\AppData\Local\Programs\MiKTeX\tex/latex/amsfonts\amsfonts.sty
Package: amsfonts 2013/01/14 v3.01 Basic AMSFonts support
\@emptytoks=\toks19
\symAMSa=\mathgroup4
\symAMSb=\mathgroup5
LaTeX Font Info:    Redeclaring math symbol \hbar on input line 98.
LaTeX Font Info:    Overwriting math alphabet `\mathfrak' in version `bold'
(Font)                  U/euf/m/n --> U/euf/b/n on input line 106.
) (C:\Users\Andrea\AppData\Local\Programs\MiKTeX\tex/latex/units\nicefrac.sty
Package: nicefrac 1998/08/04 v0.9b Nice fractions
\L@UnitsRaiseDisplaystyle=\skip61
\L@UnitsRaiseTextstyle=\skip62
\L@UnitsRaiseScriptstyle=\skip63
 (C:\Users\Andrea\AppData\Local\Programs\MiKTeX\tex/latex/base\ifthen.sty
Package: ifthen 2014/09/29 v1.1c Standard LaTeX ifthen package (DPC)
)) (C:\Users\Andrea\AppData\Local\Programs\MiKTeX\tex/latex/microtype\microtype.sty
Package: microtype 2019/11/18 v2.7d Micro-typographical refinements (RS)
\MT@toks=\toks20
\MT@count=\count194
LaTeX Info: Redefining \textls on input line 790.
\MT@outer@kern=\dimen160
LaTeX Info: Redefining \textmicrotypecontext on input line 1354.
\MT@listname@count=\count195
 (C:\Users\Andrea\AppData\Local\Programs\MiKTeX\tex/latex/microtype\microtype-pdftex.def
File: microtype-pdftex.def 2019/11/18 v2.7d Definitions specific to pdftex (RS)
LaTeX Info: Redefining \lsstyle on input line 914.
LaTeX Info: Redefining \lslig on input line 914.
\MT@outer@space=\skip64
)
Package microtype Info: Loading configuration file microtype.cfg.
 (C:\Users\Andrea\AppData\Local\Programs\MiKTeX\tex/latex/microtype\microtype.cfg
File: microtype.cfg 2019/11/18 v2.7d microtype main configuration file (RS)
)) (C:\Users\Andrea\AppData\Local\Programs\MiKTeX\tex/latex/lipsum\lipsum.sty (C:\Users\Andrea\AppData\Local\Programs\MiKTeX\tex/latex/l3kernel\expl3.sty
Package: expl3 2020-07-17 L3 programming layer (loader) 
 (C:\Users\Andrea\AppData\Local\Programs\MiKTeX\tex/latex/l3backend\l3backend-pdfmode.def
File: l3backend-pdfmode.def 2020-06-29 L3 backend support: PDF mode
\l__kernel_color_stack_int=\count196
\l__pdf_internal_box=\box45
)) (C:\Users\Andrea\AppData\Local\Programs\MiKTeX\tex/latex/l3packages/xparse\xparse.sty
Package: xparse 2020-05-15 L3 Experimental document command parser
 (C:\Users\Andrea\AppData\Local\Programs\MiKTeX\tex/latex/l3packages/xparse\xparse-generic.tex
\l__xparse_current_arg_int=\count197
\g__xparse_grabber_int=\count198
\l__xparse_m_args_int=\count199
\l__xparse_v_nesting_int=\count266
))
Package: lipsum 2019/01/02 v2.2 150 paragraphs of Lorem Ipsum dummy text
 (C:\Users\Andrea\AppData\Local\Programs\MiKTeX\tex/latex/lipsum\lipsum.ltd.tex
File: lipsum.ltd.tex 2019/01/02 v2.2 The Lorem ipsum dummy text
)) (C:\Users\Andrea\AppData\Local\Programs\MiKTeX\tex/latex/amsfonts\amssymb.sty
Package: amssymb 2013/01/14 v3.01 AMS font symbols
) (C:\Users\Andrea\AppData\Local\Programs\MiKTeX\tex/latex/amsmath\amsmath.sty
Package: amsmath 2020/01/20 v2.17e AMS math features
\@mathmargin=\skip65

For additional information on amsmath, use the `?' option.
(C:\Users\Andrea\AppData\Local\Programs\MiKTeX\tex/latex/amsmath\amstext.sty
Package: amstext 2000/06/29 v2.01 AMS text
 (C:\Users\Andrea\AppData\Local\Programs\MiKTeX\tex/latex/amsmath\amsgen.sty
File: amsgen.sty 1999/11/30 v2.0 generic functions
\@emptytoks=\toks21
\ex@=\dimen161
)) (C:\Users\Andrea\AppData\Local\Programs\MiKTeX\tex/latex/amsmath\amsbsy.sty
Package: amsbsy 1999/11/29 v1.2d Bold Symbols
\pmbraise@=\dimen162
) (C:\Users\Andrea\AppData\Local\Programs\MiKTeX\tex/latex/amsmath\amsopn.sty
Package: amsopn 2016/03/08 v2.02 operator names
)
\inf@bad=\count267
LaTeX Info: Redefining \frac on input line 227.
\uproot@=\count268
\leftroot@=\count269
LaTeX Info: Redefining \overline on input line 389.
\classnum@=\count270
\DOTSCASE@=\count271
LaTeX Info: Redefining \ldots on input line 486.
LaTeX Info: Redefining \dots on input line 489.
LaTeX Info: Redefining \cdots on input line 610.
\Mathstrutbox@=\box46
\strutbox@=\box47
\big@size=\dimen163
LaTeX Font Info:    Redeclaring font encoding OML on input line 733.
LaTeX Font Info:    Redeclaring font encoding OMS on input line 734.
\macc@depth=\count272
\c@MaxMatrixCols=\count273
\dotsspace@=\muskip17
\c@parentequation=\count274
\dspbrk@lvl=\count275
\tag@help=\toks22
\row@=\count276
\column@=\count277
\maxfields@=\count278
\andhelp@=\toks23
\eqnshift@=\dimen164
\alignsep@=\dimen165
\tagshift@=\dimen166
\tagwidth@=\dimen167
\totwidth@=\dimen168
\lineht@=\dimen169
\@envbody=\toks24
\multlinegap=\skip66
\multlinetaggap=\skip67
\mathdisplay@stack=\toks25
LaTeX Info: Redefining \[ on input line 2859.
LaTeX Info: Redefining \] on input line 2860.
) (C:\Users\Andrea\AppData\Local\Programs\MiKTeX\tex/latex/graphics\graphicx.sty
Package: graphicx 2019/11/30 v1.2a Enhanced LaTeX Graphics (DPC,SPQR)
 (C:\Users\Andrea\AppData\Local\Programs\MiKTeX\tex/latex/graphics\graphics.sty
Package: graphics 2019/11/30 v1.4a Standard LaTeX Graphics (DPC,SPQR)
 (C:\Users\Andrea\AppData\Local\Programs\MiKTeX\tex/latex/graphics\trig.sty
Package: trig 2016/01/03 v1.10 sin cos tan (DPC)
) (C:\Users\Andrea\AppData\Local\Programs\MiKTeX\tex/latex/graphics-cfg\graphics.cfg
File: graphics.cfg 2016/06/04 v1.11 sample graphics configuration
)
Package graphics Info: Driver file: pdftex.def on input line 105.
 (C:\Users\Andrea\AppData\Local\Programs\MiKTeX\tex/latex/graphics-def\pdftex.def
File: pdftex.def 2018/01/08 v1.0l Graphics/color driver for pdftex
))
\Gin@req@height=\dimen170
\Gin@req@width=\dimen171
) (C:\Users\Andrea\AppData\Local\Programs\MiKTeX\tex/latex/caption\caption.sty
Package: caption 2020/09/12 v3.5b Customizing captions (AR)
 (C:\Users\Andrea\AppData\Local\Programs\MiKTeX\tex/latex/caption\caption3.sty
Package: caption3 2020/09/17 v2.1b caption3 kernel (AR)
\captionmargin=\dimen172
\captionmargin@=\dimen173
\captionwidth=\dimen174
\caption@tempdima=\dimen175
\caption@indent=\dimen176
\caption@parindent=\dimen177
\caption@hangindent=\dimen178
Package caption Info: Standard document class detected.
)
\c@caption@flags=\count279
\c@continuedfloat=\count280
Package caption Info: hyperref package is loaded.
) (C:\Users\Andrea\AppData\Local\Programs\MiKTeX\tex/latex/caption\subcaption.sty
Package: subcaption 2020/08/23 v1.3g Sub-captions (AR)
\c@subfigure=\count281
\c@subtable=\count282
) (C:\Users\Andrea\AppData\Local\Programs\MiKTeX\tex/latex/float\float.sty
Package: float 2001/11/08 v1.3d Float enhancements (AL)
\c@float@type=\count283
\float@exts=\toks26
\float@box=\box48
\@float@everytoks=\toks27
\@floatcapt=\box49
)
Package caption Info: Option `declare type' requires the `newfloat' package on input line 26.
 (C:\Users\Andrea\AppData\Local\Programs\MiKTeX\tex/latex/newfloat\newfloat.sty
Package: newfloat 2019/09/02 v1.1l Defining new floating environments (AR)
Package newfloat Info: Document class `report' detected (Hy).
)
Package newfloat Info: New float `equ' with options `' on input line 26.
\c@equ=\count284
Package newfloat Info: float type `equ'=4 on input line 26.
\c@subequ=\count285
 (report.aux)
\openout1 = `report.aux'.

LaTeX Font Info:    Checking defaults for OML/cmm/m/it on input line 79.
LaTeX Font Info:    ... okay on input line 79.
LaTeX Font Info:    Checking defaults for OMS/cmsy/m/n on input line 79.
LaTeX Font Info:    ... okay on input line 79.
LaTeX Font Info:    Checking defaults for OT1/cmr/m/n on input line 79.
LaTeX Font Info:    ... okay on input line 79.
LaTeX Font Info:    Checking defaults for T1/cmr/m/n on input line 79.
LaTeX Font Info:    ... okay on input line 79.
LaTeX Font Info:    Checking defaults for TS1/cmr/m/n on input line 79.
LaTeX Font Info:    ... okay on input line 79.
LaTeX Font Info:    Checking defaults for OMX/cmex/m/n on input line 79.
LaTeX Font Info:    ... okay on input line 79.
LaTeX Font Info:    Checking defaults for U/cmr/m/n on input line 79.
LaTeX Font Info:    ... okay on input line 79.
LaTeX Font Info:    Checking defaults for PD1/pdf/m/n on input line 79.
LaTeX Font Info:    ... okay on input line 79.

*geometry* driver: auto-detecting
*geometry* detected driver: pdftex
*geometry* verbose mode - [ preamble ] result:
* driver: pdftex
* paper: letterpaper
* layout: <same size as paper>
* layoutoffset:(h,v)=(0.0pt,0.0pt)
* modes: 
* h-part:(L,W,R)=(92.14519pt, 430.00462pt, 92.14519pt)
* v-part:(T,H,B)=(95.39737pt, 556.47656pt, 143.09605pt)
* \paperwidth=614.295pt
* \paperheight=794.96999pt
* \textwidth=430.00462pt
* \textheight=556.47656pt
* \oddsidemargin=19.8752pt
* \evensidemargin=19.8752pt
* \topmargin=-13.87262pt
* \headheight=12.0pt
* \headsep=25.0pt
* \topskip=10.0pt
* \footskip=30.0pt
* \marginparwidth=65.0pt
* \marginparsep=11.0pt
* \columnsep=10.0pt
* \skip\footins=9.0pt plus 4.0pt minus 2.0pt
* \hoffset=0.0pt
* \voffset=0.0pt
* \mag=1000
* \@twocolumnfalse
* \@twosidefalse
* \@mparswitchfalse
* \@reversemarginfalse
* (1in=72.27pt=25.4mm, 1cm=28.453pt)

*geometry* verbose mode - [ newgeometry ] result:
* driver: pdftex
* paper: letterpaper
* layout: <same size as paper>
* layoutoffset:(h,v)=(0.0pt,0.0pt)
* modes: 
* h-part:(L,W,R)=(72.27pt, 469.75499pt, 72.27pt)
* v-part:(T,H,B)=(72.26999pt, 650.43pt, 72.27pt)
* \paperwidth=614.295pt
* \paperheight=794.96999pt
* \textwidth=469.75499pt
* \textheight=650.43pt
* \oddsidemargin=0.00002pt
* \evensidemargin=0.00002pt
* \topmargin=-39.0pt
* \headheight=14.0pt
* \headsep=25.0pt
* \topskip=10.0pt
* \footskip=30.0pt
* \marginparwidth=65.0pt
* \marginparsep=11.0pt
* \columnsep=10.0pt
* \skip\footins=9.0pt plus 4.0pt minus 2.0pt
* \hoffset=0.0pt
* \voffset=0.0pt
* \mag=1000
* \@twocolumnfalse
* \@twosidefalse
* \@mparswitchfalse
* \@reversemarginfalse
* (1in=72.27pt=25.4mm, 1cm=28.453pt)

\AtBeginShipoutBox=\box50
Package hyperref Info: Link coloring OFF on input line 79.
(C:\Users\Andrea\AppData\Local\Programs\MiKTeX\tex/latex/hyperref\nameref.sty
Package: nameref 2019/09/16 v2.46 Cross-referencing by name of section
 (C:\Users\Andrea\AppData\Local\Programs\MiKTeX\tex/latex/refcount\refcount.sty
Package: refcount 2019/12/15 v3.6 Data extraction from label references (HO)
) (C:\Users\Andrea\AppData\Local\Programs\MiKTeX\tex/generic/gettitlestring\gettitlestring.sty
Package: gettitlestring 2019/12/15 v1.6 Cleanup title references (HO)
)
\c@section@level=\count286
)
LaTeX Info: Redefining \ref on input line 79.
LaTeX Info: Redefining \pageref on input line 79.
LaTeX Info: Redefining \nameref on input line 79.
 (report.out) (report.out)
\@outlinefile=\write3
\openout3 = `report.out'.

LaTeX Info: Redefining \microtypecontext on input line 79.
Package microtype Info: Generating PDF output.
Package microtype Info: Character protrusion enabled (level 2).
Package microtype Info: Using default protrusion set `alltext'.
Package microtype Info: Automatic font expansion enabled (level 2),
(microtype)             stretch: 20, shrink: 20, step: 1, non-selected.
Package microtype Info: Using default expansion set `basictext'.
LaTeX Info: Redefining \showhyphens on input line 79.
Package microtype Info: No adjustment of tracking.
Package microtype Info: No adjustment of interword spacing.
Package microtype Info: No adjustment of character kerning.
 (C:\Users\Andrea\AppData\Local\Programs\MiKTeX\tex/latex/microtype\mt-ptm.cfg
File: mt-ptm.cfg 2006/04/20 v1.7 microtype config. file: Times (RS)
) (C:\Users\Andrea\AppData\Local\Programs\MiKTeX\tex/context/base/mkii\supp-pdf.mkii
[Loading MPS to PDF converter (version 2006.09.02).]
\scratchcounter=\count287
\scratchdimen=\dimen179
\scratchbox=\box51
\nofMPsegments=\count288
\nofMParguments=\count289
\everyMPshowfont=\toks28
\MPscratchCnt=\count290
\MPscratchDim=\dimen180
\MPnumerator=\count291
\makeMPintoPDFobject=\count292
\everyMPtoPDFconversion=\toks29
) (C:\Users\Andrea\AppData\Local\Programs\MiKTeX\tex/latex/epstopdf-pkg\epstopdf-base.sty
Package: epstopdf-base 2020-01-24 v2.11 Base part for package epstopdf
Package epstopdf-base Info: Redefining graphics rule for `.eps' on input line 485.
)
Package caption Info: Begin \AtBeginDocument code.
Package caption Info: float package is loaded.
Package caption Info: End \AtBeginDocument code.
Package newfloat Info: `float' package detected.
 (C:\Users\Andrea\AppData\Local\Programs\MiKTeX\tex/latex/microtype\mt-cmr.cfg
File: mt-cmr.cfg 2013/05/19 v2.2 microtype config. file: Computer Modern Roman (RS)
)
LaTeX Font Info:    Trying to load font information for U+msa on input line 81.
 (C:\Users\Andrea\AppData\Local\Programs\MiKTeX\tex/latex/amsfonts\umsa.fd
File: umsa.fd 2013/01/14 v3.01 AMS symbols A
) (C:\Users\Andrea\AppData\Local\Programs\MiKTeX\tex/latex/microtype\mt-msa.cfg
File: mt-msa.cfg 2006/02/04 v1.1 microtype config. file: AMS symbols (a) (RS)
)
LaTeX Font Info:    Trying to load font information for U+msb on input line 81.
 (C:\Users\Andrea\AppData\Local\Programs\MiKTeX\tex/latex/amsfonts\umsb.fd
File: umsb.fd 2013/01/14 v3.01 AMS symbols B
) (C:\Users\Andrea\AppData\Local\Programs\MiKTeX\tex/latex/microtype\mt-msb.cfg
File: mt-msb.cfg 2005/06/01 v1.0 microtype config. file: AMS symbols (b) (RS)
)
LaTeX Font Info:    Trying to load font information for T1+cmtt on input line 81.
 (C:\Users\Andrea\AppData\Local\Programs\MiKTeX\tex/latex/base\t1cmtt.fd
File: t1cmtt.fd 2019/12/16 v2.5j Standard LaTeX font definitions
)
Package microtype Info: Loading generic protrusion settings for font family
(microtype)             `cmtt' (encoding: T1).
(microtype)             For optimal results, create family-specific settings.
(microtype)             See the microtype manual for details.
 (sections/abstract.tex) [1


{C:/Users/Andrea/AppData/Local/MiKTeX/pdftex/config/pdftex.map}] (report.toc [2

])
\tf@toc=\write4
\openout4 = `report.toc'.



Package Fancyhdr Warning: \headheight is too small (14.0pt): 
Make it at least 22.37994pt.
We now make it that large for the rest of the document.
This may cause the page layout to be inconsistent, however.

[3] (sections/part1.tex
Chapter 1.
LaTeX Font Info:    Trying to load font information for TS1+ptm on input line 10.
(C:\Users\Andrea\AppData\Local\Programs\MiKTeX\tex/latex/psnfss\ts1ptm.fd
File: ts1ptm.fd 2001/06/04 font definitions for TS1/ptm.
)) [4

] (sections/part2.tex
Chapter 2.

Underfull \hbox (badness 10000) in paragraph at lines 15--17

 []

[5

]
Underfull \hbox (badness 10000) in paragraph at lines 56--62

 []

<images/part2_bidding_curve_subcamaign_0.png, id=184, 722.7pt x 361.35pt>
File: images/part2_bidding_curve_subcamaign_0.png Graphic file (type png)
<use images/part2_bidding_curve_subcamaign_0.png>
Package pdftex.def Info: images/part2_bidding_curve_subcamaign_0.png  used on input line 72.
(pdftex.def)             Requested size: 225.48038pt x 112.73964pt.
<images/part2_bidding_curve_subcamaign_1.png, id=186, 722.7pt x 361.35pt>
File: images/part2_bidding_curve_subcamaign_1.png Graphic file (type png)
<use images/part2_bidding_curve_subcamaign_1.png>
Package pdftex.def Info: images/part2_bidding_curve_subcamaign_1.png  used on input line 76.
(pdftex.def)             Requested size: 225.48038pt x 112.73964pt.
<images/part2_bidding_curve_subcamaign_2.png, id=187, 722.7pt x 361.35pt>
File: images/part2_bidding_curve_subcamaign_2.png Graphic file (type png)
<use images/part2_bidding_curve_subcamaign_2.png>
Package pdftex.def Info: images/part2_bidding_curve_subcamaign_2.png  used on input line 80.
(pdftex.def)             Requested size: 225.48038pt x 112.73964pt.
<images/part2.png, id=189, 722.7pt x 361.35pt>
File: images/part2.png Graphic file (type png)
<use images/part2.png>
Package pdftex.def Info: images/part2.png  used on input line 95.
(pdftex.def)             Requested size: 469.75499pt x 234.88023pt.
[6 <./images/part2_bidding_curve_subcamaign_0.png> <./images/part2_bidding_curve_subcamaign_1.png> <./images/part2_bidding_curve_subcamaign_2.png>]) [7 <./images/part2.png>] (sections/part3.tex
Chapter 3.

Underfull \hbox (badness 10000) in paragraph at lines 3--5

 []

<images/phase0.png, id=213, 642.4pt x 481.8pt>
File: images/phase0.png Graphic file (type png)
<use images/phase0.png>
Package pdftex.def Info: images/phase0.png  used on input line 16.
(pdftex.def)             Requested size: 150.32503pt x 112.7378pt.
<images/phase1.png, id=214, 642.4pt x 481.8pt>
File: images/phase1.png Graphic file (type png)
<use images/phase1.png>
Package pdftex.def Info: images/phase1.png  used on input line 19.
(pdftex.def)             Requested size: 150.32503pt x 112.7378pt.
<images/phase2.png, id=215, 642.4pt x 481.8pt>
File: images/phase2.png Graphic file (type png)
<use images/phase2.png>
Package pdftex.def Info: images/phase2.png  used on input line 22.
(pdftex.def)             Requested size: 150.32503pt x 112.7378pt.

Underfull \vbox (badness 4120) has occurred while \output is active []

 [8

 <./images/phase0.png (PNG copy)> <./images/phase1.png (PNG copy)> <./images/phase2.png (PNG copy)>]
<images/win_length33.png, id=222, 1003.75pt x 501.875pt>
File: images/win_length33.png Graphic file (type png)
<use images/win_length33.png>
Package pdftex.def Info: images/win_length33.png  used on input line 46.
(pdftex.def)             Requested size: 225.48038pt x 112.74086pt.
<images/win_length67.png, id=223, 1003.75pt x 501.875pt>
File: images/win_length67.png Graphic file (type png)
<use images/win_length67.png>
Package pdftex.def Info: images/win_length67.png  used on input line 50.
(pdftex.def)             Requested size: 225.48038pt x 112.74086pt.
<images/win_length133.png, id=224, 1003.75pt x 501.875pt>
File: images/win_length133.png Graphic file (type png)
<use images/win_length133.png>
Package pdftex.def Info: images/win_length133.png  used on input line 54.
(pdftex.def)             Requested size: 225.48038pt x 112.74086pt.
 [9 <./images/win_length33.png (PNG copy)> <./images/win_length67.png (PNG copy)> <./images/win_length133.png (PNG copy)>]
Underfull \hbox (badness 10000) in paragraph at lines 82--83

 []

<images/part3_min-len3_z_score2_58.png, id=235, 722.7pt x 361.35pt>
File: images/part3_min-len3_z_score2_58.png Graphic file (type png)
<use images/part3_min-len3_z_score2_58.png>
Package pdftex.def Info: images/part3_min-len3_z_score2_58.png  used on input line 91.
(pdftex.def)             Requested size: 225.48038pt x 112.73964pt.
<images/part3_min-len6_z_score2_58.png, id=236, 722.7pt x 361.35pt>
File: images/part3_min-len6_z_score2_58.png Graphic file (type png)
<use images/part3_min-len6_z_score2_58.png>
Package pdftex.def Info: images/part3_min-len6_z_score2_58.png  used on input line 95.
(pdftex.def)             Requested size: 225.48038pt x 112.73964pt.
<images/part3_min-len10_z_score2_58.png, id=237, 722.7pt x 361.35pt>
File: images/part3_min-len10_z_score2_58.png Graphic file (type png)
<use images/part3_min-len10_z_score2_58.png>
Package pdftex.def Info: images/part3_min-len10_z_score2_58.png  used on input line 99.
(pdftex.def)             Requested size: 225.48038pt x 112.73964pt.
[10 <./images/part3_min-len3_z_score2_58.png> <./images/part3_min-len6_z_score2_58.png> <./images/part3_min-len10_z_score2_58.png>]
<images/CompleteThreeDifferentPhases.jpeg, id=251, 1003.75pt x 501.875pt>
File: images/CompleteThreeDifferentPhases.jpeg Graphic file (type jpg)
<use images/CompleteThreeDifferentPhases.jpeg>
Package pdftex.def Info: images/CompleteThreeDifferentPhases.jpeg  used on input line 130.
(pdftex.def)             Requested size: 469.75499pt x 234.87808pt.
<images/ThreeSamePhase.jpeg, id=254, 1003.75pt x 501.875pt>
File: images/ThreeSamePhase.jpeg Graphic file (type jpg)
<use images/ThreeSamePhase.jpeg>
Package pdftex.def Info: images/ThreeSamePhase.jpeg  used on input line 143.
(pdftex.def)             Requested size: 375.80542pt x 187.90399pt.
<images/FourAbrupt.jpeg, id=255, 1003.75pt x 501.875pt>
File: images/FourAbrupt.jpeg Graphic file (type jpg)
<use images/FourAbrupt.jpeg>
Package pdftex.def Info: images/FourAbrupt.jpeg  used on input line 150.
(pdftex.def)             Requested size: 375.80542pt x 187.90399pt.
) [11 <./images/CompleteThreeDifferentPhases.jpeg>] (sections/part4.tex [12 <./images/ThreeSamePhase.jpeg> <./images/FourAbrupt.jpeg>]
Chapter 4.
<images/demand_curves.png, id=272, 722.7pt x 361.35pt>
File: images/demand_curves.png Graphic file (type png)
<use images/demand_curves.png>
Package pdftex.def Info: images/demand_curves.png  used on input line 42.
(pdftex.def)             Requested size: 469.75499pt x 234.88023pt.
[13

] [14 <./images/demand_curves.png>]
<images/part4_keep-daily-priceTrue.png, id=287, 722.7pt x 361.35pt>
File: images/part4_keep-daily-priceTrue.png Graphic file (type png)
<use images/part4_keep-daily-priceTrue.png>
Package pdftex.def Info: images/part4_keep-daily-priceTrue.png  used on input line 120.
(pdftex.def)             Requested size: 375.80542pt x 187.90308pt.
<images/part4_keep-daily-priceFalse.png, id=288, 722.7pt x 361.35pt>
File: images/part4_keep-daily-priceFalse.png Graphic file (type png)
<use images/part4_keep-daily-priceFalse.png>
Package pdftex.def Info: images/part4_keep-daily-priceFalse.png  used on input line 126.
(pdftex.def)             Requested size: 375.80542pt x 187.90308pt.
) [15] (sections/part5.tex [16 <./images/part4_keep-daily-priceTrue.png> <./images/part4_keep-daily-priceFalse.png>]
Chapter 5.
[17

] [18]
<images/part5_keep-daily-priceTrue.png, id=315, 722.7pt x 361.35pt>
File: images/part5_keep-daily-priceTrue.png Graphic file (type png)
<use images/part5_keep-daily-priceTrue.png>
Package pdftex.def Info: images/part5_keep-daily-priceTrue.png  used on input line 97.
(pdftex.def)             Requested size: 375.80542pt x 187.90308pt.
<images/part5_keep-daily-priceFalse.png, id=316, 722.7pt x 361.35pt>
File: images/part5_keep-daily-priceFalse.png Graphic file (type png)
<use images/part5_keep-daily-priceFalse.png>
Package pdftex.def Info: images/part5_keep-daily-priceFalse.png  used on input line 103.
(pdftex.def)             Requested size: 375.80542pt x 187.90308pt.
) [19 <./images/part5_keep-daily-priceTrue.png> <./images/part5_keep-daily-priceFalse.png>] (sections/part6.tex
Chapter 6.
Package hyperref Info: bookmark level for unknown equ defaults to 0 on input line 29.
<images/part6_schema.pdf, id=330, 598.15468pt x 845.07718pt>
File: images/part6_schema.pdf Graphic file (type pdf)
<use images/part6_schema.pdf>
Package pdftex.def Info: images/part6_schema.pdf  used on input line 42.
(pdftex.def)             Requested size: 478.52438pt x 676.06267pt.

Overfull \hbox (8.7694pt too wide) in paragraph at lines 42--43
 [][] 
 []

[20

]
Overfull \vbox (43.58266pt too high) has occurred while \output is active []

 [21 <./images/part6_schema.pdf

pdfTeX warning: pdflatex (file ./images/part6_schema.pdf): PDF inclusion: invalid other resource which is no dict (key 'ProcSets', type <array>); ignored.
>]
Underfull \hbox (badness 10000) in paragraph at lines 52--54

 []

<images/part6_enable-pricingTrue_keep-daily-priceTrue.png, id=371, 752.8125pt x 376.40625pt>
File: images/part6_enable-pricingTrue_keep-daily-priceTrue.png Graphic file (type png)
<use images/part6_enable-pricingTrue_keep-daily-priceTrue.png>
Package pdftex.def Info: images/part6_enable-pricingTrue_keep-daily-priceTrue.png  used on input line 60.
(pdftex.def)             Requested size: 375.80542pt x 187.90973pt.
<images/part6_enable-pricingTrue_keep-daily-priceFalse.png, id=372, 752.8125pt x 376.40625pt>
File: images/part6_enable-pricingTrue_keep-daily-priceFalse.png Graphic file (type png)
<use images/part6_enable-pricingTrue_keep-daily-priceFalse.png>
Package pdftex.def Info: images/part6_enable-pricingTrue_keep-daily-priceFalse.png  used on input line 66.
(pdftex.def)             Requested size: 375.80542pt x 187.90973pt.
) [22 <./images/part6_enable-pricingTrue_keep-daily-priceTrue.png> <./images/part6_enable-pricingTrue_keep-daily-priceFalse.png>] (sections/part7.tex
Chapter 7.
) [23

] (sections/assignments.tex
Chapter 8.
)
Package atveryend Info: Empty hook `BeforeClearDocument' on input line 125.
 [24

]
Package atveryend Info: Empty hook `AfterLastShipout' on input line 125.
 (report.aux)
Package atveryend Info: Executing hook `AtVeryEndDocument' on input line 125.
Package atveryend Info: Executing hook `AtEndAfterFileList' on input line 125.
Package rerunfilecheck Info: File `report.out' has not changed.
(rerunfilecheck)             Checksum: BFA890D3714D821123F4E835E526F19C;1954.
Package atveryend Info: Empty hook `AtVeryVeryEnd' on input line 125.
 ) 
Here is how much of TeX's memory you used:
 11508 strings out of 481225
 193316 string characters out of 2905705
 604592 words of memory out of 3000000
 26526 multiletter control sequences out of 15000+200000
 606493 words of font info for 207 fonts, out of 3000000 for 9000
 1141 hyphenation exceptions out of 8191
 44i,11n,49p,986b,458s stack positions out of 5000i,500n,10000p,200000b,50000s
{C:/Users/Andrea/AppData/Local/Programs/MiKTeX/fonts/enc/dvips/base/8r.enc} <C:\Users\Andrea\AppData\Local\MiKTeX\fonts/pk/ljfour/jknappen/ec/dpi600\ectt1000.pk><C:/Users/Andrea/AppData/Local/Programs/MiKTeX/fonts/type1/public/amsfonts/cm/cmex10.pfb><C:/Users/Andrea/AppData/Local/Programs/MiKTeX/fonts/type1/public/amsfonts/cm/cmmi10.pfb><C:/Users/Andrea/AppData/Local/Programs/MiKTeX/fonts/type1/public/amsfonts/cm/cmmi5.pfb><C:/Users/Andrea/AppData/Local/Programs/MiKTeX/fonts/type1/public/amsfonts/cm/cmmi7.pfb><C:/Users/Andrea/AppData/Local/Programs/MiKTeX/fonts/type1/public/amsfonts/cm/cmr10.pfb><C:/Users/Andrea/AppData/Local/Programs/MiKTeX/fonts/type1/public/amsfonts/cm/cmr5.pfb><C:/Users/Andrea/AppData/Local/Programs/MiKTeX/fonts/type1/public/amsfonts/cm/cmr7.pfb><C:/Users/Andrea/AppData/Local/Programs/MiKTeX/fonts/type1/public/amsfonts/cm/cmsy10.pfb><C:/Users/Andrea/AppData/Local/Programs/MiKTeX/fonts/type1/public/amsfonts/cm/cmsy5.pfb><C:/Users/Andrea/AppData/Local/Programs/MiKTeX/fonts/type1/public/amsfonts/cm/cmsy7.pfb><C:/Users/Andrea/AppData/Local/Programs/MiKTeX/fonts/type1/public/amsfonts/symbols/msbm10.pfb><C:/Users/Andrea/AppData/Local/Programs/MiKTeX/fonts/type1/urw/times/utmb8a.pfb><C:/Users/Andrea/AppData/Local/Programs/MiKTeX/fonts/type1/urw/times/utmbi8a.pfb><C:/Users/Andrea/AppData/Local/Programs/MiKTeX/fonts/type1/urw/times/utmr8a.pfb><C:/Users/Andrea/AppData/Local/Programs/MiKTeX/fonts/type1/urw/times/utmri8a.pfb>
Output written on report.pdf (24 pages, 2017966 bytes).
PDF statistics:
 476 PDF objects out of 1000 (max. 8388607)
 84 named destinations out of 1000 (max. 500000)
 32609 words of extra memory for PDF output out of 35830 (max. 10000000)

